<?xml version="1.0" encoding="UTF-8"?>
<!-- Generated by org.testng.reporters.JUnitReportReporter -->
<testsuite hostname="DESKTOP-QS6HK1O" failures="0" tests="3" name="testng.seleniumtests" time="5.846" errors="0" timestamp="2022-11-04T16:09:56 CET" skipped="0">
  <testcase classname="testng.seleniumtests" name="calcTest" time="2.081"/>
  <system-out/>
  <testcase classname="testng.seleniumtests" name="purchaseFlight" time="2.053"/>
  <system-out/>
  <testcase classname="testng.seleniumtests" name="showFlightTest" time="1.712"/>
  <system-out/>
</testsuite> <!-- testng.seleniumtests -->
